\BOOKMARK [1][-]{section.1}{Introduktion}{}% 1
\BOOKMARK [1][-]{section.2}{Tanken bag}{}% 2
\BOOKMARK [1][-]{section.3}{S\345dan er man en god AV mand}{}% 3
\BOOKMARK [2][-]{subsection.3.1}{Om at lave gode overtekster}{section.3}% 4
\BOOKMARK [1][-]{section.4}{Ops\346tning af tekniken}{}% 5
\BOOKMARK [2][-]{subsection.4.1}{Kontrol}{section.4}% 6
\BOOKMARK [2][-]{subsection.4.2}{Projektorer}{section.4}% 7
\BOOKMARK [3][-]{subsubsection.4.2.1}{Projektorklapper}{subsection.4.2}% 8
\BOOKMARK [2][-]{subsection.4.3}{Netv\346rk}{section.4}% 9
\BOOKMARK [3][-]{subsubsection.4.3.1}{Statisk IP}{subsection.4.3}% 10
\BOOKMARK [3][-]{subsubsection.4.3.2}{Hosts}{subsection.4.3}% 11
\BOOKMARK [3][-]{subsubsection.4.3.3}{Forbindelse uden login}{subsection.4.3}% 12
\BOOKMARK [3][-]{subsubsection.4.3.4}{ssh mount}{subsection.4.3}% 13
\BOOKMARK [3][-]{subsubsection.4.3.5}{Gateway}{subsection.4.3}% 14
\BOOKMARK [2][-]{subsection.4.4}{Brok}{section.4}% 15
\BOOKMARK [3][-]{subsubsection.4.4.1}{Ting der k\370res p\345 brok}{subsection.4.4}% 16
\BOOKMARK [2][-]{subsection.4.5}{Xmonad}{section.4}% 17
\BOOKMARK [1][-]{section.5}{Komandoer}{}% 18
\BOOKMARK [2][-]{subsection.5.1}{xpdf}{section.5}% 19
\BOOKMARK [2][-]{subsection.5.2}{mplayer}{section.5}% 20
\BOOKMARK [3][-]{subsubsection.5.2.1}{Positionering af mplayer}{subsection.5.2}% 21
\BOOKMARK [1][-]{section.6}{Konvertering fra manuskrift til overtekster}{}% 22
\BOOKMARK [1][-]{section.7}{ubertex}{}% 23
\BOOKMARK [1][-]{section.8}{ubersicht}{}% 24
\BOOKMARK [1][-]{section.9}{Hvordan virker koden}{}% 25
\BOOKMARK [1][-]{section.10}{FAQ}{}% 26
\BOOKMARK [1][-]{section.11}{V\346rkt\370jer}{}% 27
\BOOKMARK [2][-]{subsection.11.1}{Schneider}{section.11}% 28
\BOOKMARK [2][-]{subsection.11.2}{Zeitherr}{section.11}% 29
\BOOKMARK [2][-]{subsection.11.3}{Zeiden}{section.11}% 30
\BOOKMARK [1][-]{section.12}{Problemer/l\370sninger}{}% 31
\BOOKMARK [2][-]{subsection.12.1}{Der er lag/forsinkelser}{section.12}% 32
\BOOKMARK [1][-]{section.13}{APPENDIX A: En guide til Linux}{}% 33
\BOOKMARK [1][-]{section.14}{APPENDIX B: Installation af Arch Linux}{}% 34
\BOOKMARK [1][-]{section.15}{APPENDIX C: Stripped Emacs}{}% 35
\BOOKMARK [1][-]{section.16}{APPENDIX D: Emacs}{}% 36
\BOOKMARK [1][-]{section.17}{APPENDIX E: mangler}{}% 37
\BOOKMARK [1][-]{section.18}{PDF/billedviser}{}% 38
